<?xml version="1.0" encoding="UTF-8"?>
<testng-results skipped="0" failed="0" ignored="0" total="1" passed="1">
  <reporter-output>
  </reporter-output>
  <suite name="Default suite" duration-ms="38875" started-at="2020-12-04T01:30:19 GMT" finished-at="2020-12-04T01:30:58 GMT">
    <groups>
      <group name="cucumber">
        <method signature="AbstractTestNGCucumberTests.feature(cucumber.api.testng.CucumberFeatureWrapper)[pri:0, instance:cucumberOptions.TestRunner@1372ed45]" name="feature" class="cucumber.api.testng.AbstractTestNGCucumberTests"/>
      </group> <!-- cucumber -->
    </groups>
    <test name="Default test" duration-ms="38875" started-at="2020-12-04T01:30:19 GMT" finished-at="2020-12-04T01:30:58 GMT">
      <class name="cucumberOptions.TestRunner">
        <test-method status="PASS" signature="setUpClass()[pri:0, instance:cucumberOptions.TestRunner@1372ed45]" name="setUpClass" is-config="true" duration-ms="271" started-at="2020-12-04T01:30:19 GMT" finished-at="2020-12-04T01:30:19 GMT">
          <reporter-output>
          </reporter-output>
        </test-method> <!-- setUpClass -->
        <test-method status="PASS" signature="feature(cucumber.api.testng.CucumberFeatureWrapper)[pri:0, instance:cucumberOptions.TestRunner@1372ed45]" name="feature" duration-ms="38483" started-at="2020-12-04T01:30:19 GMT" description="Runs Cucumber Feature" data-provider="features" finished-at="2020-12-04T01:30:58 GMT">
          <params>
            <param index="0">
              <value>
                <![CDATA[Send and receive real emails in Cucumber]]>
              </value>
            </param>
          </params>
          <reporter-output>
          </reporter-output>
        </test-method> <!-- feature -->
        <test-method status="PASS" signature="tearDownClass()[pri:0, instance:cucumberOptions.TestRunner@1372ed45]" name="tearDownClass" is-config="true" duration-ms="6" started-at="2020-12-04T01:30:58 GMT" finished-at="2020-12-04T01:30:58 GMT">
          <reporter-output>
          </reporter-output>
        </test-method> <!-- tearDownClass -->
      </class> <!-- cucumberOptions.TestRunner -->
    </test> <!-- Default test -->
  </suite> <!-- Default suite -->
</testng-results>
